#
# There is insufficient memory for the Java Runtime Environment to continue.
# Native memory allocation (mmap) failed to map 67108864 bytes for G1 virtual space
# Possible reasons:
#   The system is out of physical RAM or swap space
#   The process is running with CompressedOops enabled, and the Java Heap may be blocking the growth of the native heap
# Possible solutions:
#   Reduce memory load on the system
#   Increase physical memory or swap space
#   Check if swap backing store is full
#   Decrease Java heap size (-Xmx/-Xms)
#   Decrease number of Java threads
#   Decrease Java thread stack sizes (-Xss)
#   Set larger code cache with -XX:ReservedCodeCacheSize=
#   JVM is running with Unscaled Compressed Oops mode in which the Java heap is
#     placed in the first 4GB address space. The Java Heap base address is the
#     maximum limit for the native heap growth. Please use -XX:HeapBaseMinAddress
#     to set the Java Heap base and to place the Java Heap above 4GB virtual address.
# This output file may be truncated or incomplete.
#
#  Out of Memory Error (os_windows.cpp:3617), pid=25012, tid=22124
#
# JRE version:  (17.0.8.1+1) (build )
# Java VM: OpenJDK 64-Bit Server VM (17.0.8.1+1, mixed mode, sharing, tiered, compressed oops, compressed class ptrs, g1 gc, windows-amd64)
# No core dump will be written. Minidumps are not enabled by default on client versions of Windows
#

---------------  S U M M A R Y ------------

Command Line: -Dfile.encoding=UTF-8 -XX:+ShowCodeDetailsInExceptionMessages Score

Host: Intel(R) Celeron(R) CPU  N3160  @ 1.60GHz, 4 cores, 3G,  Windows 10 , 64 bit Build 19041 (10.0.19041.3570)
Time: Mon Nov 27 18:12:37 2023 Malay Peninsula Standard Time elapsed time: 0.089170 seconds (0d 0h 0m 0s)

---------------  T H R E A D  ---------------

Current thread (0x0000022169bcbfe0):  JavaThread "Unknown thread" [_thread_in_vm, id=22124, stack(0x000000562f700000,0x000000562f800000)]

Stack: [0x000000562f700000,0x000000562f800000]
Native frames: (J=compiled Java code, j=interpreted, Vv=VM code, C=native code)
V  [jvm.dll+0x678b0a]
V  [jvm.dll+0x835e84]
V  [jvm.dll+0x83762e]
V  [jvm.dll+0x837c93]
V  [jvm.dll+0x24746f]
V  [jvm.dll+0x675859]
V  [jvm.dll+0x66a0ea]
V  [jvm.dll+0x306c7b]
V  [jvm.dll+0x30e166]
V  [jvm.dll+0x35dd3e]
V  [jvm.dll+0x35df6f]
V  [jvm.dll+0x2ddb48]
V  [jvm.dll+0x2deab4]
V  [jvm.dll+0x807f31]
V  [jvm.dll+0x36bb21]
V  [jvm.dll+0x7e733c]
V  [jvm.dll+0x3ee4af]
V  [jvm.dll+0x3f00c1]
C  [jli.dll+0x528b]
C  [ucrtbase.dll+0x21bb2]
C  [KERNEL32.DLL+0x17344]
C  [ntdll.dll+0x526b1]


---------------  P R O C E S S  ---------------

Threads class SMR info:
_java_thread_list=0x00007ff9d456a018, length=0, elements={
}

Java Threads: ( => current thread )

Other Threads:
  0x0000022169c40460 GCTaskThread "GC Thread#0" [stack: 0x000000562f800000,0x000000562f900000] [id=25712]
  0x0000022169c498d0 ConcurrentGCThread "G1 Main Marker" [stack: 0x000000562f900000,0x000000562fa00000] [id=23324]
  0x0000022169c4a2e0 ConcurrentGCThread "G1 Conc#0" [stack: 0x000000562fa00000,0x000000562fb00000] [id=4172]

[error occurred during error reporting (printing all threads), id 0xc0000005, EXCEPTION_ACCESS_VIOLATION (0xc0000005) at pc=0x00007ff9d3d3e587]

VM state: not at safepoint (not fully initialized)

VM Mutex/Monitor currently owned by a thread:  ([mutex/lock_event])
[0x0000022169c049c0] Heap_lock - owner thread: 0x0000022169bcbfe0

Heap address: 0x00000000c1400000, size: 1004 MB, Compressed Oops mode: 32-bit

CDS archive(s) mapped at: [0x0000000000000000-0x0000000000000000-0x0000000000000000), size 0, SharedBaseAddress: 0x0000000800000000, ArchiveRelocationMode: 1.
Narrow klass base: 0x0000000000000000, Narrow klass shift: 0, Narrow klass range: 0x0

GC Precious Log:
<Empty>

Heap:
 garbage-first heap   total 0K, used 0K [0x00000000c1400000, 0x0000000100000000)
  region size 1024K, 0 young (0K), 0 survivors (0K)

[error occurred during error reporting (printing heap information), id 0xc0000005, EXCEPTION_ACCESS_VIOLATION (0xc0000005) at pc=0x00007ff9d4122699]

GC Heap History (0 events):
No events

Dll operation events (1 events):
Event: 0.037 Loaded shared library C:\Users\lenovo\.p2\pool\plugins\org.eclipse.justj.openjdk.hotspot.jre.full.win32.x86_64_17.0.8.v20230831-1047\jre\bin\java.dll

Deoptimization events (0 events):
No events

Classes unloaded (0 events):
No events

Classes redefined (0 events):
No events

Internal exceptions (0 events):
No events

VM Operations (0 events):
No events

Events (0 events):
No events


Dynamic libraries:
0x00007ff7e87f0000 - 0x00007ff7e87fe000 	C:\Users\lenovo\.p2\pool\plugins\org.eclipse.justj.openjdk.hotspot.jre.full.win32.x86_64_17.0.8.v20230831-1047\jre\bin\javaw.exe
0x00007ffa26790000 - 0x00007ffa26987000 	C:\WINDOWS\SYSTEM32\ntdll.dll
0x00007ffa247f0000 - 0x00007ffa248ad000 	C:\WINDOWS\System32\KERNEL32.DLL
0x00007ffa241c0000 - 0x00007ffa244b6000 	C:\WINDOWS\System32\KERNELBASE.dll
0x00007ffa24030000 - 0x00007ffa24130000 	C:\WINDOWS\System32\ucrtbase.dll
0x00007ffa15460000 - 0x00007ffa15477000 	C:\Users\lenovo\.p2\pool\plugins\org.eclipse.justj.openjdk.hotspot.jre.full.win32.x86_64_17.0.8.v20230831-1047\jre\bin\jli.dll
0x00007ffa195c0000 - 0x00007ffa195d9000 	C:\Users\lenovo\.p2\pool\plugins\org.eclipse.justj.openjdk.hotspot.jre.full.win32.x86_64_17.0.8.v20230831-1047\jre\bin\VCRUNTIME140.dll
0x00007ffa265b0000 - 0x00007ffa2674e000 	C:\WINDOWS\System32\USER32.dll
0x00007ffa24000000 - 0x00007ffa24022000 	C:\WINDOWS\System32\win32u.dll
0x00007ffa126e0000 - 0x00007ffa1297a000 	C:\WINDOWS\WinSxS\amd64_microsoft.windows.common-controls_6595b64144ccf1df_6.0.19041.3570_none_60bb2a3971f3e41a\COMCTL32.dll
0x00007ffa25f70000 - 0x00007ffa25f9c000 	C:\WINDOWS\System32\GDI32.dll
0x00007ffa25100000 - 0x00007ffa2519e000 	C:\WINDOWS\System32\msvcrt.dll
0x00007ffa23e70000 - 0x00007ffa23f8a000 	C:\WINDOWS\System32\gdi32full.dll
0x00007ffa245a0000 - 0x00007ffa2463d000 	C:\WINDOWS\System32\msvcp_win.dll
0x00007ffa259a0000 - 0x00007ffa259d0000 	C:\WINDOWS\System32\IMM32.DLL
0x00007ffa1f8e0000 - 0x00007ffa1f8ec000 	C:\Users\lenovo\.p2\pool\plugins\org.eclipse.justj.openjdk.hotspot.jre.full.win32.x86_64_17.0.8.v20230831-1047\jre\bin\vcruntime140_1.dll
0x00007ff9f7e30000 - 0x00007ff9f7ec1000 	C:\Users\lenovo\.p2\pool\plugins\org.eclipse.justj.openjdk.hotspot.jre.full.win32.x86_64_17.0.8.v20230831-1047\jre\bin\msvcp140.dll
0x00007ff9d3a50000 - 0x00007ff9d469c000 	C:\Users\lenovo\.p2\pool\plugins\org.eclipse.justj.openjdk.hotspot.jre.full.win32.x86_64_17.0.8.v20230831-1047\jre\bin\server\jvm.dll
0x00007ffa248b0000 - 0x00007ffa2495e000 	C:\WINDOWS\System32\ADVAPI32.dll
0x00007ffa25fd0000 - 0x00007ffa2606c000 	C:\WINDOWS\System32\sechost.dll
0x00007ffa259d0000 - 0x00007ffa25af6000 	C:\WINDOWS\System32\RPCRT4.dll
0x00007ffa23cd0000 - 0x00007ffa23d1b000 	C:\WINDOWS\SYSTEM32\POWRPROF.dll
0x00007ffa15450000 - 0x00007ffa15459000 	C:\WINDOWS\SYSTEM32\WSOCK32.dll
0x00007ffa25b10000 - 0x00007ffa25b7b000 	C:\WINDOWS\System32\WS2_32.dll
0x00007ffa11810000 - 0x00007ffa11837000 	C:\WINDOWS\SYSTEM32\WINMM.dll
0x00007ffa139e0000 - 0x00007ffa139ea000 	C:\WINDOWS\SYSTEM32\VERSION.dll
0x00007ffa23cb0000 - 0x00007ffa23cc2000 	C:\WINDOWS\SYSTEM32\UMPDC.dll
0x00007ffa21ef0000 - 0x00007ffa21f02000 	C:\WINDOWS\SYSTEM32\kernel.appcore.dll
0x00007ffa15440000 - 0x00007ffa1544a000 	C:\Users\lenovo\.p2\pool\plugins\org.eclipse.justj.openjdk.hotspot.jre.full.win32.x86_64_17.0.8.v20230831-1047\jre\bin\jimage.dll
0x00007ffa21640000 - 0x00007ffa21824000 	C:\WINDOWS\SYSTEM32\DBGHELP.DLL
0x00007ffa10370000 - 0x00007ffa103a4000 	C:\WINDOWS\SYSTEM32\dbgcore.DLL
0x00007ffa24130000 - 0x00007ffa241b2000 	C:\WINDOWS\System32\bcryptPrimitives.dll
0x00007ffa15410000 - 0x00007ffa15435000 	C:\Users\lenovo\.p2\pool\plugins\org.eclipse.justj.openjdk.hotspot.jre.full.win32.x86_64_17.0.8.v20230831-1047\jre\bin\java.dll

dbghelp: loaded successfully - version: 4.0.5 - missing functions: none
symbol engine: initialized successfully - sym options: 0x614 - pdb path: .;C:\Users\lenovo\.p2\pool\plugins\org.eclipse.justj.openjdk.hotspot.jre.full.win32.x86_64_17.0.8.v20230831-1047\jre\bin;C:\WINDOWS\SYSTEM32;C:\WINDOWS\WinSxS\amd64_microsoft.windows.common-controls_6595b64144ccf1df_6.0.19041.3570_none_60bb2a3971f3e41a;C:\Users\lenovo\.p2\pool\plugins\org.eclipse.justj.openjdk.hotspot.jre.full.win32.x86_64_17.0.8.v20230831-1047\jre\bin\server

VM Arguments:
jvm_args: -Dfile.encoding=UTF-8 -XX:+ShowCodeDetailsInExceptionMessages 
java_command: Score
java_class_path (initial): C:\Users\lenovo\eclipse-workspace\QuizApp\bin
Launcher Type: SUN_STANDARD

[Global flags]
     intx CICompilerCount                          = 3                                         {product} {ergonomic}
     uint ConcGCThreads                            = 1                                         {product} {ergonomic}
     uint G1ConcRefinementThreads                  = 4                                         {product} {ergonomic}
   size_t G1HeapRegionSize                         = 1048576                                   {product} {ergonomic}
    uintx GCDrainStackTargetSize                   = 64                                        {product} {ergonomic}
   size_t InitialHeapSize                          = 67108864                                  {product} {ergonomic}
   size_t MarkStackSize                            = 4194304                                   {product} {ergonomic}
   size_t MaxHeapSize                              = 1052770304                                {product} {ergonomic}
   size_t MinHeapDeltaBytes                        = 1048576                                   {product} {ergonomic}
   size_t MinHeapSize                              = 8388608                                   {product} {ergonomic}
    uintx NonNMethodCodeHeapSize                   = 5832780                                {pd product} {ergonomic}
    uintx NonProfiledCodeHeapSize                  = 122912730                              {pd product} {ergonomic}
    uintx ProfiledCodeHeapSize                     = 122912730                              {pd product} {ergonomic}
    uintx ReservedCodeCacheSize                    = 251658240                              {pd product} {ergonomic}
     bool SegmentedCodeCache                       = true                                      {product} {ergonomic}
     bool ShowCodeDetailsInExceptionMessages       = true                                   {manageable} {command line}
   size_t SoftMaxHeapSize                          = 1052770304                             {manageable} {ergonomic}
     bool UseCompressedClassPointers               = true                           {product lp64_product} {ergonomic}
     bool UseCompressedOops                        = true                           {product lp64_product} {ergonomic}
     bool UseG1GC                                  = true                                      {product} {ergonomic}
     bool UseLargePagesIndividualAllocation        = false                                  {pd product} {ergonomic}

Logging:
Log output configuration:
 #0: stdout all=warning uptime,level,tags
 #1: stderr all=off uptime,level,tags

Environment Variables:
PATH=C:\Program Files\Common Files\Oracle\Java\javapath;C:\Users\lenovo\Downloads\jdk-21_windows-x64_bin.zip\jdk-21\bin;C:\Program Files (x86)\Java\jre-1.8\bin;C:\Users\lenovo\AppData\Local\Programs\Microsoft VS Code\bin
USERNAME=lenovo
OS=Windows_NT
PROCESSOR_IDENTIFIER=Intel64 Family 6 Model 76 Stepping 4, GenuineIntel
TMP=C:\Users\lenovo\AppData\Local\Temp
TEMP=C:\Users\lenovo\AppData\Local\Temp



---------------  S Y S T E M  ---------------

OS:
 Windows 10 , 64 bit Build 19041 (10.0.19041.3570)
OS uptime: 10 days 2:31 hours

CPU: total 4 (initial active 4) (4 cores per cpu, 1 threads per core) family 6 model 76 stepping 4 microcode 0x411, cx8, cmov, fxsr, mmx, 3dnowpref, sse, sse2, sse3, ssse3, sse4.1, sse4.2, popcnt, tsc, tscinvbit, aes, erms, clmul, clflush
Processor Information for all 4 processors :
  Max Mhz: 1601, Current Mhz: 1601, Mhz Limit: 1601

Memory: 4k page, system-wide physical 4009M (289M free)
TotalPageFile size 16297M (AvailPageFile size 37M)
current process WorkingSet (physical memory assigned to process): 10M, peak: 10M
current process commit charge ("private bytes"): 51M, peak: 115M

vm_info: OpenJDK 64-Bit Server VM (17.0.8.1+1) for windows-amd64 JRE (17.0.8.1+1), built on Aug 23 2023 15:29:17 by "admin" with MS VC++ 16.7 (VS2019)

END.
